# JRE version: OpenJDK Runtime Environment (17.0.11) (build 17.0.11+0--11852314)
# Java VM: OpenJDK 64-Bit Server VM (17.0.11+0--11852314, mixed mode, tiered, compressed oops, compressed class ptrs, g1 gc, windows-amd64)
GC Precious Log:
 CPUs: 4 total, 4 available
 Memory: 3460M
 Large Page Support: Disabled
 NUMA Support: Disabled
 Compressed Oops: Enabled (32-bit)
 Heap Region Size: 1M
 Heap Min Capacity: 8M
 Heap Initial Capacity: 56M
 Heap Max Capacity: 2G
 Pre-touch: Disabled
 Parallel Workers: 4
 Concurrent Workers: 1
 Concurrent Refinement Workers: 4
 Periodic GC: Disabled
Heap:
 garbage-first heap   total 295936K, used 160256K [0x0000000080000000, 0x0000000100000000)
  region size 1024K, 2 young (2048K), 2 survivors (2048K)
 Metaspace       used 61693K, committed 62208K, reserved 491520K
  class space    used 8386K, committed 8640K, reserved 425984K
GC Heap History (20 events):
Event: 27.314 GC heap after
{Heap after GC invocations=65 (full 0):
 garbage-first heap   total 194560K, used 79428K [0x0000000080000000, 0x0000000100000000)
  region size 1024K, 8 young (8192K), 8 survivors (8192K)
 Metaspace       used 61450K, committed 62016K, reserved 491520K
  class space    used 8383K, committed 8640K, reserved 425984K
}
Event: 27.626 GC heap before
{Heap before GC invocations=65 (full 0):
 garbage-first heap   total 194560K, used 162372K [0x0000000080000000, 0x0000000100000000)
  region size 1024K, 89 young (91136K), 8 survivors (8192K)
 Metaspace       used 61450K, committed 62016K, reserved 491520K
  class space    used 8383K, committed 8640K, reserved 425984K
}
Event: 27.635 GC heap after
{Heap after GC invocations=66 (full 0):
 garbage-first heap   total 194560K, used 83121K [0x0000000080000000, 0x0000000100000000)
  region size 1024K, 7 young (7168K), 7 survivors (7168K)
 Metaspace       used 61450K, committed 62016K, reserved 491520K
  class space    used 8383K, committed 8640K, reserved 425984K
}
Event: 27.879 GC heap before
{Heap before GC invocations=66 (full 0):
 garbage-first heap   total 194560K, used 164017K [0x0000000080000000, 0x0000000100000000)
  region size 1024K, 86 young (88064K), 7 survivors (7168K)
 Metaspace       used 61450K, committed 62016K, reserved 491520K
  class space    used 8383K, committed 8640K, reserved 425984K
}
Event: 27.889 GC heap after
{Heap after GC invocations=67 (full 0):
 garbage-first heap   total 194560K, used 87447K [0x0000000080000000, 0x0000000100000000)
  region size 1024K, 8 young (8192K), 8 survivors (8192K)
 Metaspace       used 61450K, committed 62016K, reserved 491520K
  class space    used 8383K, committed 8640K, reserved 425984K
}
Event: 28.641 GC heap before
{Heap before GC invocations=67 (full 0):
 garbage-first heap   total 194560K, used 167319K [0x0000000080000000, 0x0000000100000000)
  region size 1024K, 83 young (84992K), 8 survivors (8192K)
 Metaspace       used 61519K, committed 62080K, reserved 491520K
  class space    used 8389K, committed 8640K, reserved 425984K
}
Event: 28.689 GC heap after
{Heap after GC invocations=68 (full 0):
 garbage-first heap   total 205824K, used 114981K [0x0000000080000000, 0x0000000100000000)
  region size 1024K, 11 young (11264K), 11 survivors (11264K)
 Metaspace       used 61519K, committed 62080K, reserved 491520K
  class space    used 8389K, committed 8640K, reserved 425984K
}
Event: 28.854 GC heap before
{Heap before GC invocations=68 (full 0):
 garbage-first heap   total 205824K, used 152869K [0x0000000080000000, 0x0000000100000000)
  region size 1024K, 49 young (50176K), 11 survivors (11264K)
 Metaspace       used 61524K, committed 62080K, reserved 491520K
  class space    used 8389K, committed 8640K, reserved 425984K
}
Event: 28.909 GC heap after
{Heap after GC invocations=69 (full 0):
 garbage-first heap   total 287744K, used 134144K [0x0000000080000000, 0x0000000100000000)
  region size 1024K, 7 young (7168K), 7 survivors (7168K)
 Metaspace       used 61524K, committed 62080K, reserved 491520K
  class space    used 8389K, committed 8640K, reserved 425984K
}
Event: 29.458 GC heap before
{Heap before GC invocations=70 (full 0):
 garbage-first heap   total 287744K, used 198656K [0x0000000080000000, 0x0000000100000000)
  region size 1024K, 74 young (75776K), 7 survivors (7168K)
 Metaspace       used 61570K, committed 62144K, reserved 491520K
  class space    used 8383K, committed 8640K, reserved 425984K
}
Event: 29.631 GC heap after
{Heap after GC invocations=71 (full 0):
 garbage-first heap   total 287744K, used 163840K [0x0000000080000000, 0x0000000100000000)
  region size 1024K, 10 young (10240K), 10 survivors (10240K)
 Metaspace       used 61570K, committed 62144K, reserved 491520K
  class space    used 8383K, committed 8640K, reserved 425984K
}
Event: 29.657 GC heap before
{Heap before GC invocations=71 (full 0):
 garbage-first heap   total 287744K, used 167936K [0x0000000080000000, 0x0000000100000000)
  region size 1024K, 14 young (14336K), 10 survivors (10240K)
 Metaspace       used 61570K, committed 62144K, reserved 491520K
  class space    used 8383K, committed 8640K, reserved 425984K
}
Event: 29.685 GC heap after
{Heap after GC invocations=72 (full 0):
 garbage-first heap   total 287744K, used 160768K [0x0000000080000000, 0x0000000100000000)
  region size 1024K, 2 young (2048K), 2 survivors (2048K)
 Metaspace       used 61570K, committed 62144K, reserved 491520K
  class space    used 8383K, committed 8640K, reserved 425984K
}
Event: 30.080 GC heap before
{Heap before GC invocations=72 (full 0):
 garbage-first heap   total 287744K, used 208896K [0x0000000080000000, 0x0000000100000000)
  region size 1024K, 49 young (50176K), 2 survivors (2048K)
 Metaspace       used 61648K, committed 62208K, reserved 491520K
  class space    used 8386K, committed 8640K, reserved 425984K
}
Event: 30.117 GC heap after
{Heap after GC invocations=73 (full 0):
 garbage-first heap   total 287744K, used 176128K [0x0000000080000000, 0x0000000100000000)
  region size 1024K, 7 young (7168K), 7 survivors (7168K)
 Metaspace       used 61648K, committed 62208K, reserved 491520K
  class space    used 8386K, committed 8640K, reserved 425984K
}
Event: 30.994 GC heap before
{Heap before GC invocations=74 (full 0):
 garbage-first heap   total 295936K, used 210944K [0x0000000080000000, 0x0000000100000000)
  region size 1024K, 48 young (49152K), 7 survivors (7168K)
 Metaspace       used 61693K, committed 62208K, reserved 491520K
  class space    used 8386K, committed 8640K, reserved 425984K
}
Event: 31.021 GC heap after
{Heap after GC invocations=75 (full 0):
 garbage-first heap   total 295936K, used 183296K [0x0000000080000000, 0x0000000100000000)
  region size 1024K, 6 young (6144K), 6 survivors (6144K)
 Metaspace       used 61693K, committed 62208K, reserved 491520K
  class space    used 8386K, committed 8640K, reserved 425984K
}
Event: 31.049 GC heap before
{Heap before GC invocations=75 (full 0):
 garbage-first heap   total 295936K, used 191488K [0x0000000080000000, 0x0000000100000000)
  region size 1024K, 14 young (14336K), 6 survivors (6144K)
 Metaspace       used 61693K, committed 62208K, reserved 491520K
  class space    used 8386K, committed 8640K, reserved 425984K
}
Event: 31.070 GC heap after
{Heap after GC invocations=76 (full 0):
 garbage-first heap   total 295936K, used 161874K [0x0000000080000000, 0x0000000100000000)
  region size 1024K, 2 young (2048K), 2 survivors (2048K)
 Metaspace       used 61693K, committed 62208K, reserved 491520K
  class space    used 8386K, committed 8640K, reserved 425984K
}
Event: 31.119 GC heap before
{Heap before GC invocations=76 (full 0):
 garbage-first heap   total 295936K, used 174162K [0x0000000080000000, 0x0000000100000000)
  region size 1024K, 14 young (14336K), 2 survivors (2048K)
 Metaspace       used 61693K, committed 62208K, reserved 491520K
  class space    used 8386K, committed 8640K, reserved 425984K
}

