# JRE version: OpenJDK Runtime Environment (17.0.11) (build 17.0.11+0--11852314)
# Java VM: OpenJDK 64-Bit Server VM (17.0.11+0--11852314, mixed mode, tiered, compressed oops, compressed class ptrs, g1 gc, windows-amd64)
GC Precious Log:
 CPUs: 4 total, 4 available
 Memory: 3460M
 Large Page Support: Disabled
 NUMA Support: Disabled
 Compressed Oops: Enabled (32-bit)
 Heap Region Size: 1M
 Heap Min Capacity: 8M
 Heap Initial Capacity: 56M
 Heap Max Capacity: 2G
 Pre-touch: Disabled
 Parallel Workers: 4
 Concurrent Workers: 1
 Concurrent Refinement Workers: 4
 Periodic GC: Disabled
Heap:
 garbage-first heap   total 150528K, used 81150K [0x0000000080000000, 0x0000000100000000)
  region size 1024K, 1 young (1024K), 1 survivors (1024K)
 Metaspace       used 60302K, committed 60800K, reserved 491520K
  class space    used 8254K, committed 8512K, reserved 425984K
GC Heap History (20 events):
Event: 14.944 GC heap after
{Heap after GC invocations=31 (full 0):
 garbage-first heap   total 96256K, used 50176K [0x0000000080000000, 0x0000000100000000)
  region size 1024K, 2 young (2048K), 2 survivors (2048K)
 Metaspace       used 52455K, committed 52928K, reserved 491520K
  class space    used 7009K, committed 7232K, reserved 425984K
}
Event: 15.778 GC heap before
{Heap before GC invocations=31 (full 0):
 garbage-first heap   total 96256K, used 76800K [0x0000000080000000, 0x0000000100000000)
  region size 1024K, 28 young (28672K), 2 survivors (2048K)
 Metaspace       used 55399K, committed 55872K, reserved 491520K
  class space    used 7479K, committed 7680K, reserved 425984K
}
Event: 15.782 GC heap after
{Heap after GC invocations=32 (full 0):
 garbage-first heap   total 96256K, used 50956K [0x0000000080000000, 0x0000000100000000)
  region size 1024K, 3 young (3072K), 3 survivors (3072K)
 Metaspace       used 55399K, committed 55872K, reserved 491520K
  class space    used 7479K, committed 7680K, reserved 425984K
}
Event: 16.261 GC heap before
{Heap before GC invocations=33 (full 0):
 garbage-first heap   total 96256K, used 77580K [0x0000000080000000, 0x0000000100000000)
  region size 1024K, 29 young (29696K), 3 survivors (3072K)
 Metaspace       used 58181K, committed 58752K, reserved 491520K
  class space    used 7942K, committed 8192K, reserved 425984K
}
Event: 16.266 GC heap after
{Heap after GC invocations=34 (full 0):
 garbage-first heap   total 96256K, used 52216K [0x0000000080000000, 0x0000000100000000)
  region size 1024K, 4 young (4096K), 4 survivors (4096K)
 Metaspace       used 58181K, committed 58752K, reserved 491520K
  class space    used 7942K, committed 8192K, reserved 425984K
}
Event: 16.442 GC heap before
{Heap before GC invocations=34 (full 0):
 garbage-first heap   total 96256K, used 60408K [0x0000000080000000, 0x0000000100000000)
  region size 1024K, 13 young (13312K), 4 survivors (4096K)
 Metaspace       used 59087K, committed 59584K, reserved 491520K
  class space    used 8119K, committed 8384K, reserved 425984K
}
Event: 16.447 GC heap after
{Heap after GC invocations=35 (full 0):
 garbage-first heap   total 96256K, used 52694K [0x0000000080000000, 0x0000000100000000)
  region size 1024K, 3 young (3072K), 3 survivors (3072K)
 Metaspace       used 59087K, committed 59584K, reserved 491520K
  class space    used 8119K, committed 8384K, reserved 425984K
}
Event: 16.621 GC heap before
{Heap before GC invocations=36 (full 0):
 garbage-first heap   total 116736K, used 84438K [0x0000000080000000, 0x0000000100000000)
  region size 1024K, 30 young (30720K), 3 survivors (3072K)
 Metaspace       used 59331K, committed 59904K, reserved 491520K
  class space    used 8155K, committed 8448K, reserved 425984K
}
Event: 16.627 GC heap after
{Heap after GC invocations=37 (full 0):
 garbage-first heap   total 116736K, used 57090K [0x0000000080000000, 0x0000000100000000)
  region size 1024K, 3 young (3072K), 3 survivors (3072K)
 Metaspace       used 59331K, committed 59904K, reserved 491520K
  class space    used 8155K, committed 8448K, reserved 425984K
}
Event: 16.636 GC heap before
{Heap before GC invocations=37 (full 0):
 garbage-first heap   total 116736K, used 59138K [0x0000000080000000, 0x0000000100000000)
  region size 1024K, 5 young (5120K), 3 survivors (3072K)
 Metaspace       used 59331K, committed 59904K, reserved 491520K
  class space    used 8155K, committed 8448K, reserved 425984K
}
Event: 16.641 GC heap after
{Heap after GC invocations=38 (full 0):
 garbage-first heap   total 150528K, used 57243K [0x0000000080000000, 0x0000000100000000)
  region size 1024K, 1 young (1024K), 1 survivors (1024K)
 Metaspace       used 59331K, committed 59904K, reserved 491520K
  class space    used 8155K, committed 8448K, reserved 425984K
}
Event: 17.001 GC heap before
{Heap before GC invocations=38 (full 0):
 garbage-first heap   total 150528K, used 115611K [0x0000000080000000, 0x0000000100000000)
  region size 1024K, 58 young (59392K), 1 survivors (1024K)
 Metaspace       used 59331K, committed 59904K, reserved 491520K
  class space    used 8155K, committed 8448K, reserved 425984K
}
Event: 17.006 GC heap after
{Heap after GC invocations=39 (full 0):
 garbage-first heap   total 150528K, used 59487K [0x0000000080000000, 0x0000000100000000)
  region size 1024K, 3 young (3072K), 3 survivors (3072K)
 Metaspace       used 59331K, committed 59904K, reserved 491520K
  class space    used 8155K, committed 8448K, reserved 425984K
}
Event: 17.364 GC heap before
{Heap before GC invocations=39 (full 0):
 garbage-first heap   total 150528K, used 121951K [0x0000000080000000, 0x0000000100000000)
  region size 1024K, 64 young (65536K), 3 survivors (3072K)
 Metaspace       used 59331K, committed 59904K, reserved 491520K
  class space    used 8155K, committed 8448K, reserved 425984K
}
Event: 17.371 GC heap after
{Heap after GC invocations=40 (full 0):
 garbage-first heap   total 150528K, used 62524K [0x0000000080000000, 0x0000000100000000)
  region size 1024K, 6 young (6144K), 6 survivors (6144K)
 Metaspace       used 59331K, committed 59904K, reserved 491520K
  class space    used 8155K, committed 8448K, reserved 425984K
}
Event: 17.805 GC heap before
{Heap before GC invocations=40 (full 0):
 garbage-first heap   total 150528K, used 121916K [0x0000000080000000, 0x0000000100000000)
  region size 1024K, 65 young (66560K), 6 survivors (6144K)
 Metaspace       used 59603K, committed 60160K, reserved 491520K
  class space    used 8190K, committed 8448K, reserved 425984K
}
Event: 17.831 GC heap after
{Heap after GC invocations=41 (full 0):
 garbage-first heap   total 150528K, used 67641K [0x0000000080000000, 0x0000000100000000)
  region size 1024K, 9 young (9216K), 9 survivors (9216K)
 Metaspace       used 59603K, committed 60160K, reserved 491520K
  class space    used 8190K, committed 8448K, reserved 425984K
}
Event: 18.549 GC heap before
{Heap before GC invocations=42 (full 0):
 garbage-first heap   total 150528K, used 118841K [0x0000000080000000, 0x0000000100000000)
  region size 1024K, 60 young (61440K), 9 survivors (9216K)
 Metaspace       used 60292K, committed 60800K, reserved 491520K
  class space    used 8254K, committed 8512K, reserved 425984K
}
Event: 18.582 GC heap after
{Heap after GC invocations=43 (full 0):
 garbage-first heap   total 150528K, used 79872K [0x0000000080000000, 0x0000000100000000)
  region size 1024K, 8 young (8192K), 8 survivors (8192K)
 Metaspace       used 60292K, committed 60800K, reserved 491520K
  class space    used 8254K, committed 8512K, reserved 425984K
}
Event: 18.604 GC heap before
{Heap before GC invocations=43 (full 0):
 garbage-first heap   total 150528K, used 80896K [0x0000000080000000, 0x0000000100000000)
  region size 1024K, 9 young (9216K), 8 survivors (8192K)
 Metaspace       used 60302K, committed 60800K, reserved 491520K
  class space    used 8254K, committed 8512K, reserved 425984K
}

